<?xml version="1.0" encoding="UTF-8"?><testsuite name="nosetests" tests="2" errors="0" failures="0" skip="0"><testcase classname="__main__.TestPing" name="TestPing" time="0.001"></testcase><testcase classname="__main__.TestPing" name="ping_test" time="7.907"><system-out><![CDATA[0
ping to 192.168.1.9 OK
ping cycle 0
0
ping to 192.168.1.9 OK
ping cycle 1
0
ping to 192.168.1.9 OK
ping cycle 2
0
ping to 192.168.1.9 OK
ping cycle 3
0
ping to 192.168.1.9 OK
ping cycle 4
0
ping to 192.168.1.9 OK
ping cycle 5
0
ping to 192.168.1.9 OK
ping cycle 6
0
ping to 192.168.1.9 OK
ping cycle 7
0
ping to 192.168.1.9 OK
ping cycle 8
0
ping to 192.168.1.9 OK
ping cycle 9
0
ping to 192.168.1.9 OK
ping cycle 10
0
ping to 192.168.1.9 OK
ping cycle 11
0
ping to 192.168.1.9 OK
ping cycle 12
0
ping to 192.168.1.9 OK
ping cycle 13
0
ping to 192.168.1.9 OK
ping cycle 14
0
ping to 192.168.1.9 OK
ping cycle 15
0
ping to 192.168.1.9 OK
ping cycle 16
0
ping to 192.168.1.9 OK
ping cycle 17
0
ping to 192.168.1.9 OK
ping cycle 18
0
ping to 192.168.1.9 OK
ping cycle 19
0
ping to 192.168.1.9 OK
ping cycle 20
0
ping to 192.168.1.9 OK
ping cycle 21
0
ping to 192.168.1.9 OK
ping cycle 22
0
ping to 192.168.1.9 OK
ping cycle 23
0
ping to 192.168.1.9 OK
ping cycle 24
0
ping to 192.168.1.9 OK
ping cycle 25
0
ping to 192.168.1.9 OK
ping cycle 26
0
ping to 192.168.1.9 OK
ping cycle 27
0
ping to 192.168.1.9 OK
ping cycle 28
0
ping to 192.168.1.9 OK
ping cycle 29
0
ping to 192.168.1.9 OK
ping cycle 30
0
ping to 192.168.1.9 OK
ping cycle 31
0
ping to 192.168.1.9 OK
ping cycle 32
0
ping to 192.168.1.9 OK
ping cycle 33
0
ping to 192.168.1.9 OK
ping cycle 34
0
ping to 192.168.1.9 OK
ping cycle 35
0
ping to 192.168.1.9 OK
ping cycle 36
0
ping to 192.168.1.9 OK
ping cycle 37
0
ping to 192.168.1.9 OK
ping cycle 38
0
ping to 192.168.1.9 OK
ping cycle 39
0
ping to 192.168.1.9 OK
ping cycle 40
0
ping to 192.168.1.9 OK
ping cycle 41
0
ping to 192.168.1.9 OK
ping cycle 42
0
ping to 192.168.1.9 OK
ping cycle 43
0
ping to 192.168.1.9 OK
ping cycle 44
0
ping to 192.168.1.9 OK
ping cycle 45
0
ping to 192.168.1.9 OK
ping cycle 46
0
ping to 192.168.1.9 OK
ping cycle 47
0
ping to 192.168.1.9 OK
ping cycle 48
0
ping to 192.168.1.9 OK
ping cycle 49
0
ping to 192.168.1.9 OK
ping cycle 50
0
ping to 192.168.1.9 OK
ping cycle 51
0
ping to 192.168.1.9 OK
ping cycle 52
0
ping to 192.168.1.9 OK
ping cycle 53
0
ping to 192.168.1.9 OK
ping cycle 54
0
ping to 192.168.1.9 OK
ping cycle 55
0
ping to 192.168.1.9 OK
ping cycle 56
0
ping to 192.168.1.9 OK
ping cycle 57
0
ping to 192.168.1.9 OK
ping cycle 58
0
ping to 192.168.1.9 OK
ping cycle 59
0
ping to 192.168.1.9 OK
ping cycle 60
0
ping to 192.168.1.9 OK
ping cycle 61
0
ping to 192.168.1.9 OK
ping cycle 62
0
ping to 192.168.1.9 OK
ping cycle 63
0
ping to 192.168.1.9 OK
ping cycle 64
0
ping to 192.168.1.9 OK
ping cycle 65
0
ping to 192.168.1.9 OK
ping cycle 66
0
ping to 192.168.1.9 OK
ping cycle 67
0
ping to 192.168.1.9 OK
ping cycle 68
0
ping to 192.168.1.9 OK
ping cycle 69
0
ping to 192.168.1.9 OK
ping cycle 70
0
ping to 192.168.1.9 OK
ping cycle 71
0
ping to 192.168.1.9 OK
ping cycle 72
0
ping to 192.168.1.9 OK
ping cycle 73
0
ping to 192.168.1.9 OK
ping cycle 74
0
ping to 192.168.1.9 OK
ping cycle 75
0
ping to 192.168.1.9 OK
ping cycle 76
0
ping to 192.168.1.9 OK
ping cycle 77
0
ping to 192.168.1.9 OK
ping cycle 78
0
ping to 192.168.1.9 OK
ping cycle 79
0
ping to 192.168.1.9 OK
ping cycle 80
0
ping to 192.168.1.9 OK
ping cycle 81
0
ping to 192.168.1.9 OK
ping cycle 82
0
ping to 192.168.1.9 OK
ping cycle 83
0
ping to 192.168.1.9 OK
ping cycle 84
0
ping to 192.168.1.9 OK
ping cycle 85
0
ping to 192.168.1.9 OK
ping cycle 86
0
ping to 192.168.1.9 OK
ping cycle 87
0
ping to 192.168.1.9 OK
ping cycle 88
0
ping to 192.168.1.9 OK
ping cycle 89
0
ping to 192.168.1.9 OK
ping cycle 90
0
ping to 192.168.1.9 OK
ping cycle 91
0
ping to 192.168.1.9 OK
ping cycle 92
0
ping to 192.168.1.9 OK
ping cycle 93
0
ping to 192.168.1.9 OK
ping cycle 94
0
ping to 192.168.1.9 OK
ping cycle 95
0
ping to 192.168.1.9 OK
ping cycle 96
0
ping to 192.168.1.9 OK
ping cycle 97
0
ping to 192.168.1.9 OK
ping cycle 98
0
ping to 192.168.1.9 OK
ping cycle 99
0
ping to 192.168.1.9 OK
ping cycle 100
0
ping to 192.168.1.9 OK
ping cycle 101
0
ping to 192.168.1.9 OK
ping cycle 102
0
ping to 192.168.1.9 OK
ping cycle 103
0
ping to 192.168.1.9 OK
ping cycle 104
0
ping to 192.168.1.9 OK
ping cycle 105
0
ping to 192.168.1.9 OK
ping cycle 106
0
ping to 192.168.1.9 OK
ping cycle 107
0
ping to 192.168.1.9 OK
ping cycle 108
0
ping to 192.168.1.9 OK
ping cycle 109
0
ping to 192.168.1.9 OK
ping cycle 110
0
ping to 192.168.1.9 OK
ping cycle 111
0
ping to 192.168.1.9 OK
ping cycle 112
0
ping to 192.168.1.9 OK
ping cycle 113
0
ping to 192.168.1.9 OK
ping cycle 114
0
ping to 192.168.1.9 OK
ping cycle 115
0
ping to 192.168.1.9 OK
ping cycle 116
0
ping to 192.168.1.9 OK
ping cycle 117
0
ping to 192.168.1.9 OK
ping cycle 118
0
ping to 192.168.1.9 OK
ping cycle 119
0
ping to 192.168.1.9 OK
ping cycle 120
0
ping to 192.168.1.9 OK
ping cycle 121
0
ping to 192.168.1.9 OK
ping cycle 122
0
ping to 192.168.1.9 OK
ping cycle 123
0
ping to 192.168.1.9 OK
ping cycle 124
0
ping to 192.168.1.9 OK
ping cycle 125
0
ping to 192.168.1.9 OK
ping cycle 126
0
ping to 192.168.1.9 OK
ping cycle 127
0
ping to 192.168.1.9 OK
ping cycle 128
0
ping to 192.168.1.9 OK
ping cycle 129
0
ping to 192.168.1.9 OK
ping cycle 130
0
ping to 192.168.1.9 OK
ping cycle 131
0
ping to 192.168.1.9 OK
ping cycle 132
0
ping to 192.168.1.9 OK
ping cycle 133
0
ping to 192.168.1.9 OK
ping cycle 134
0
ping to 192.168.1.9 OK
ping cycle 135
0
ping to 192.168.1.9 OK
ping cycle 136
0
ping to 192.168.1.9 OK
ping cycle 137
0
ping to 192.168.1.9 OK
ping cycle 138
0
ping to 192.168.1.9 OK
ping cycle 139
0
ping to 192.168.1.9 OK
ping cycle 140
0
ping to 192.168.1.9 OK
ping cycle 141
0
ping to 192.168.1.9 OK
ping cycle 142
0
ping to 192.168.1.9 OK
ping cycle 143
0
ping to 192.168.1.9 OK
ping cycle 144
0
ping to 192.168.1.9 OK
ping cycle 145
0
ping to 192.168.1.9 OK
ping cycle 146
0
ping to 192.168.1.9 OK
ping cycle 147
0
ping to 192.168.1.9 OK
ping cycle 148
0
ping to 192.168.1.9 OK
ping cycle 149
0
ping to 192.168.1.9 OK
ping cycle 150
0
ping to 192.168.1.9 OK
ping cycle 151
0
ping to 192.168.1.9 OK
ping cycle 152
0
ping to 192.168.1.9 OK
ping cycle 153
0
ping to 192.168.1.9 OK
ping cycle 154
0
ping to 192.168.1.9 OK
ping cycle 155
0
ping to 192.168.1.9 OK
ping cycle 156
0
ping to 192.168.1.9 OK
ping cycle 157
0
ping to 192.168.1.9 OK
ping cycle 158
0
ping to 192.168.1.9 OK
ping cycle 159
0
ping to 192.168.1.9 OK
ping cycle 160
0
ping to 192.168.1.9 OK
ping cycle 161
0
ping to 192.168.1.9 OK
ping cycle 162
0
ping to 192.168.1.9 OK
ping cycle 163
0
ping to 192.168.1.9 OK
ping cycle 164
0
ping to 192.168.1.9 OK
ping cycle 165
0
ping to 192.168.1.9 OK
ping cycle 166
0
ping to 192.168.1.9 OK
ping cycle 167
0
ping to 192.168.1.9 OK
ping cycle 168
0
ping to 192.168.1.9 OK
ping cycle 169
0
ping to 192.168.1.9 OK
ping cycle 170
0
ping to 192.168.1.9 OK
ping cycle 171
0
ping to 192.168.1.9 OK
ping cycle 172
0
ping to 192.168.1.9 OK
ping cycle 173
0
ping to 192.168.1.9 OK
ping cycle 174
0
ping to 192.168.1.9 OK
ping cycle 175
0
ping to 192.168.1.9 OK
ping cycle 176
0
ping to 192.168.1.9 OK
ping cycle 177
0
ping to 192.168.1.9 OK
ping cycle 178
0
ping to 192.168.1.9 OK
ping cycle 179
0
ping to 192.168.1.9 OK
ping cycle 180
0
ping to 192.168.1.9 OK
ping cycle 181
0
ping to 192.168.1.9 OK
ping cycle 182
0
ping to 192.168.1.9 OK
ping cycle 183
0
ping to 192.168.1.9 OK
ping cycle 184
0
ping to 192.168.1.9 OK
ping cycle 185
0
ping to 192.168.1.9 OK
ping cycle 186
0
ping to 192.168.1.9 OK
ping cycle 187
0
ping to 192.168.1.9 OK
ping cycle 188
0
ping to 192.168.1.9 OK
ping cycle 189
0
ping to 192.168.1.9 OK
ping cycle 190
0
ping to 192.168.1.9 OK
ping cycle 191
0
ping to 192.168.1.9 OK
ping cycle 192
0
ping to 192.168.1.9 OK
ping cycle 193
0
ping to 192.168.1.9 OK
ping cycle 194
0
ping to 192.168.1.9 OK
ping cycle 195
0
ping to 192.168.1.9 OK
ping cycle 196
0
ping to 192.168.1.9 OK
ping cycle 197
0
ping to 192.168.1.9 OK
ping cycle 198
0
ping to 192.168.1.9 OK
ping cycle 199
0
ping to 192.168.1.9 OK
ping cycle 200
0
ping to 192.168.1.9 OK
ping cycle 201
0
ping to 192.168.1.9 OK
ping cycle 202
0
ping to 192.168.1.9 OK
ping cycle 203
0
ping to 192.168.1.9 OK
ping cycle 204
0
ping to 192.168.1.9 OK
ping cycle 205
0
ping to 192.168.1.9 OK
ping cycle 206
0
ping to 192.168.1.9 OK
ping cycle 207
0
ping to 192.168.1.9 OK
ping cycle 208
0
ping to 192.168.1.9 OK
ping cycle 209
0
ping to 192.168.1.9 OK
ping cycle 210
0
ping to 192.168.1.9 OK
ping cycle 211
0
ping to 192.168.1.9 OK
ping cycle 212
0
ping to 192.168.1.9 OK
ping cycle 213
0
ping to 192.168.1.9 OK
ping cycle 214
0
ping to 192.168.1.9 OK
ping cycle 215
0
ping to 192.168.1.9 OK
ping cycle 216
0
ping to 192.168.1.9 OK
ping cycle 217
0
ping to 192.168.1.9 OK
ping cycle 218
0
ping to 192.168.1.9 OK
ping cycle 219
0
ping to 192.168.1.9 OK
ping cycle 220
0
ping to 192.168.1.9 OK
ping cycle 221
0
ping to 192.168.1.9 OK
ping cycle 222
0
ping to 192.168.1.9 OK
ping cycle 223
0
ping to 192.168.1.9 OK
ping cycle 224
0
ping to 192.168.1.9 OK
ping cycle 225
0
ping to 192.168.1.9 OK
ping cycle 226
0
ping to 192.168.1.9 OK
ping cycle 227
0
ping to 192.168.1.9 OK
ping cycle 228
0
ping to 192.168.1.9 OK
ping cycle 229
0
ping to 192.168.1.9 OK
ping cycle 230
0
ping to 192.168.1.9 OK
ping cycle 231
0
ping to 192.168.1.9 OK
ping cycle 232
0
ping to 192.168.1.9 OK
ping cycle 233
0
ping to 192.168.1.9 OK
ping cycle 234
0
ping to 192.168.1.9 OK
ping cycle 235
0
ping to 192.168.1.9 OK
ping cycle 236
0
ping to 192.168.1.9 OK
ping cycle 237
0
ping to 192.168.1.9 OK
ping cycle 238
0
ping to 192.168.1.9 OK
ping cycle 239
0
ping to 192.168.1.9 OK
ping cycle 240
0
ping to 192.168.1.9 OK
ping cycle 241
0
ping to 192.168.1.9 OK
ping cycle 242
0
ping to 192.168.1.9 OK
ping cycle 243
0
ping to 192.168.1.9 OK
ping cycle 244
0
ping to 192.168.1.9 OK
ping cycle 245
0
ping to 192.168.1.9 OK
ping cycle 246
0
ping to 192.168.1.9 OK
ping cycle 247
0
ping to 192.168.1.9 OK
ping cycle 248
0
ping to 192.168.1.9 OK
ping cycle 249
0
ping to 192.168.1.9 OK
ping cycle 250
0
ping to 192.168.1.9 OK
ping cycle 251
0
ping to 192.168.1.9 OK
ping cycle 252
0
ping to 192.168.1.9 OK
ping cycle 253
0
ping to 192.168.1.9 OK
ping cycle 254
0
ping to 192.168.1.9 OK
ping cycle 255
0
ping to 192.168.1.9 OK
ping cycle 256
0
ping to 192.168.1.9 OK
ping cycle 257
0
ping to 192.168.1.9 OK
ping cycle 258
0
ping to 192.168.1.9 OK
ping cycle 259
0
ping to 192.168.1.9 OK
ping cycle 260
0
ping to 192.168.1.9 OK
ping cycle 261
0
ping to 192.168.1.9 OK
ping cycle 262
0
ping to 192.168.1.9 OK
ping cycle 263
0
ping to 192.168.1.9 OK
ping cycle 264
0
ping to 192.168.1.9 OK
ping cycle 265
0
ping to 192.168.1.9 OK
ping cycle 266
0
ping to 192.168.1.9 OK
ping cycle 267
0
ping to 192.168.1.9 OK
ping cycle 268
0
ping to 192.168.1.9 OK
ping cycle 269
0
ping to 192.168.1.9 OK
ping cycle 270
0
ping to 192.168.1.9 OK
ping cycle 271
0
ping to 192.168.1.9 OK
ping cycle 272
0
ping to 192.168.1.9 OK
ping cycle 273
0
ping to 192.168.1.9 OK
ping cycle 274
0
ping to 192.168.1.9 OK
ping cycle 275
0
ping to 192.168.1.9 OK
ping cycle 276
0
ping to 192.168.1.9 OK
ping cycle 277
0
ping to 192.168.1.9 OK
ping cycle 278
0
ping to 192.168.1.9 OK
ping cycle 279
0
ping to 192.168.1.9 OK
ping cycle 280
0
ping to 192.168.1.9 OK
ping cycle 281
0
ping to 192.168.1.9 OK
ping cycle 282
0
ping to 192.168.1.9 OK
ping cycle 283
0
ping to 192.168.1.9 OK
ping cycle 284
0
ping to 192.168.1.9 OK
ping cycle 285
0
ping to 192.168.1.9 OK
ping cycle 286
0
ping to 192.168.1.9 OK
ping cycle 287
0
ping to 192.168.1.9 OK
ping cycle 288
0
ping to 192.168.1.9 OK
ping cycle 289
0
ping to 192.168.1.9 OK
ping cycle 290
0
ping to 192.168.1.9 OK
ping cycle 291
0
ping to 192.168.1.9 OK
ping cycle 292
0
ping to 192.168.1.9 OK
ping cycle 293
0
ping to 192.168.1.9 OK
ping cycle 294
0
ping to 192.168.1.9 OK
ping cycle 295
0
ping to 192.168.1.9 OK
ping cycle 296
0
ping to 192.168.1.9 OK
ping cycle 297
0
ping to 192.168.1.9 OK
ping cycle 298
0
ping to 192.168.1.9 OK
ping cycle 299
0
ping to 192.168.1.9 OK
ping cycle 300
0
ping to 192.168.1.9 OK
ping cycle 301
0
ping to 192.168.1.9 OK
ping cycle 302
0
ping to 192.168.1.9 OK
ping cycle 303
0
ping to 192.168.1.9 OK
ping cycle 304
0
ping to 192.168.1.9 OK
ping cycle 305
0
ping to 192.168.1.9 OK
ping cycle 306
0
ping to 192.168.1.9 OK
ping cycle 307
0
ping to 192.168.1.9 OK
ping cycle 308
0
ping to 192.168.1.9 OK
ping cycle 309
0
ping to 192.168.1.9 OK
ping cycle 310
0
ping to 192.168.1.9 OK
ping cycle 311
0
ping to 192.168.1.9 OK
ping cycle 312
0
ping to 192.168.1.9 OK
ping cycle 313
0
ping to 192.168.1.9 OK
ping cycle 314
0
ping to 192.168.1.9 OK
ping cycle 315
0
ping to 192.168.1.9 OK
ping cycle 316
0
ping to 192.168.1.9 OK
ping cycle 317
0
ping to 192.168.1.9 OK
ping cycle 318
0
ping to 192.168.1.9 OK
ping cycle 319
0
ping to 192.168.1.9 OK
ping cycle 320
0
ping to 192.168.1.9 OK
ping cycle 321
0
ping to 192.168.1.9 OK
ping cycle 322
0
ping to 192.168.1.9 OK
ping cycle 323
0
ping to 192.168.1.9 OK
ping cycle 324
0
ping to 192.168.1.9 OK
ping cycle 325
0
ping to 192.168.1.9 OK
ping cycle 326
0
ping to 192.168.1.9 OK
ping cycle 327
0
ping to 192.168.1.9 OK
ping cycle 328
0
ping to 192.168.1.9 OK
ping cycle 329
0
ping to 192.168.1.9 OK
ping cycle 330
0
ping to 192.168.1.9 OK
ping cycle 331
0
ping to 192.168.1.9 OK
ping cycle 332
0
ping to 192.168.1.9 OK
ping cycle 333
0
ping to 192.168.1.9 OK
ping cycle 334
0
ping to 192.168.1.9 OK
ping cycle 335
0
ping to 192.168.1.9 OK
ping cycle 336
0
ping to 192.168.1.9 OK
ping cycle 337
0
ping to 192.168.1.9 OK
ping cycle 338
0
ping to 192.168.1.9 OK
ping cycle 339
0
ping to 192.168.1.9 OK
ping cycle 340
0
ping to 192.168.1.9 OK
ping cycle 341
0
ping to 192.168.1.9 OK
ping cycle 342
0
ping to 192.168.1.9 OK
ping cycle 343
0
ping to 192.168.1.9 OK
ping cycle 344
0
ping to 192.168.1.9 OK
ping cycle 345
0
ping to 192.168.1.9 OK
ping cycle 346
0
ping to 192.168.1.9 OK
ping cycle 347
0
ping to 192.168.1.9 OK
ping cycle 348
0
ping to 192.168.1.9 OK
ping cycle 349
0
ping to 192.168.1.9 OK
ping cycle 350
0
ping to 192.168.1.9 OK
ping cycle 351
0
ping to 192.168.1.9 OK
ping cycle 352
0
ping to 192.168.1.9 OK
ping cycle 353
0
ping to 192.168.1.9 OK
ping cycle 354
0
ping to 192.168.1.9 OK
ping cycle 355
0
ping to 192.168.1.9 OK
ping cycle 356
0
ping to 192.168.1.9 OK
ping cycle 357
0
ping to 192.168.1.9 OK
ping cycle 358
0
ping to 192.168.1.9 OK
ping cycle 359
0
ping to 192.168.1.9 OK
ping cycle 360
0
ping to 192.168.1.9 OK
ping cycle 361
0
ping to 192.168.1.9 OK
ping cycle 362
0
ping to 192.168.1.9 OK
ping cycle 363
0
ping to 192.168.1.9 OK
ping cycle 364
0
ping to 192.168.1.9 OK
ping cycle 365
0
ping to 192.168.1.9 OK
ping cycle 366
0
ping to 192.168.1.9 OK
ping cycle 367
0
ping to 192.168.1.9 OK
ping cycle 368
0
ping to 192.168.1.9 OK
ping cycle 369
0
ping to 192.168.1.9 OK
ping cycle 370
0
ping to 192.168.1.9 OK
ping cycle 371
0
ping to 192.168.1.9 OK
ping cycle 372
0
ping to 192.168.1.9 OK
ping cycle 373
0
ping to 192.168.1.9 OK
ping cycle 374
0
ping to 192.168.1.9 OK
ping cycle 375
0
ping to 192.168.1.9 OK
ping cycle 376
0
ping to 192.168.1.9 OK
ping cycle 377
0
ping to 192.168.1.9 OK
ping cycle 378
0
ping to 192.168.1.9 OK
ping cycle 379
0
ping to 192.168.1.9 OK
ping cycle 380
0
ping to 192.168.1.9 OK
ping cycle 381
0
ping to 192.168.1.9 OK
ping cycle 382
0
ping to 192.168.1.9 OK
ping cycle 383
0
ping to 192.168.1.9 OK
ping cycle 384
0
ping to 192.168.1.9 OK
ping cycle 385
0
ping to 192.168.1.9 OK
ping cycle 386
0
ping to 192.168.1.9 OK
ping cycle 387
0
ping to 192.168.1.9 OK
ping cycle 388
0
ping to 192.168.1.9 OK
ping cycle 389
0
ping to 192.168.1.9 OK
ping cycle 390
0
ping to 192.168.1.9 OK
ping cycle 391
0
ping to 192.168.1.9 OK
ping cycle 392
0
ping to 192.168.1.9 OK
ping cycle 393
0
ping to 192.168.1.9 OK
ping cycle 394
0
ping to 192.168.1.9 OK
ping cycle 395
0
ping to 192.168.1.9 OK
ping cycle 396
0
ping to 192.168.1.9 OK
ping cycle 397
0
ping to 192.168.1.9 OK
ping cycle 398
0
ping to 192.168.1.9 OK
ping cycle 399
0
ping to 192.168.1.9 OK
ping cycle 400
0
ping to 192.168.1.9 OK
ping cycle 401
0
ping to 192.168.1.9 OK
ping cycle 402
0
ping to 192.168.1.9 OK
ping cycle 403
0
ping to 192.168.1.9 OK
ping cycle 404
0
ping to 192.168.1.9 OK
ping cycle 405
0
ping to 192.168.1.9 OK
ping cycle 406
0
ping to 192.168.1.9 OK
ping cycle 407
0
ping to 192.168.1.9 OK
ping cycle 408
0
ping to 192.168.1.9 OK
ping cycle 409
0
ping to 192.168.1.9 OK
ping cycle 410
0
ping to 192.168.1.9 OK
ping cycle 411
0
ping to 192.168.1.9 OK
ping cycle 412
0
ping to 192.168.1.9 OK
ping cycle 413
0
ping to 192.168.1.9 OK
ping cycle 414
0
ping to 192.168.1.9 OK
ping cycle 415
0
ping to 192.168.1.9 OK
ping cycle 416
0
ping to 192.168.1.9 OK
ping cycle 417
0
ping to 192.168.1.9 OK
ping cycle 418
0
ping to 192.168.1.9 OK
ping cycle 419
0
ping to 192.168.1.9 OK
ping cycle 420
0
ping to 192.168.1.9 OK
ping cycle 421
0
ping to 192.168.1.9 OK
ping cycle 422
0
ping to 192.168.1.9 OK
ping cycle 423
0
ping to 192.168.1.9 OK
ping cycle 424
0
ping to 192.168.1.9 OK
ping cycle 425
0
ping to 192.168.1.9 OK
ping cycle 426
0
ping to 192.168.1.9 OK
ping cycle 427
0
ping to 192.168.1.9 OK
ping cycle 428
0
ping to 192.168.1.9 OK
ping cycle 429
0
ping to 192.168.1.9 OK
ping cycle 430
0
ping to 192.168.1.9 OK
ping cycle 431
0
ping to 192.168.1.9 OK
ping cycle 432
0
ping to 192.168.1.9 OK
ping cycle 433
0
ping to 192.168.1.9 OK
ping cycle 434
0
ping to 192.168.1.9 OK
ping cycle 435
0
ping to 192.168.1.9 OK
ping cycle 436
0
ping to 192.168.1.9 OK
ping cycle 437
0
ping to 192.168.1.9 OK
ping cycle 438
0
ping to 192.168.1.9 OK
ping cycle 439
0
ping to 192.168.1.9 OK
ping cycle 440
0
ping to 192.168.1.9 OK
ping cycle 441
0
ping to 192.168.1.9 OK
ping cycle 442
0
ping to 192.168.1.9 OK
ping cycle 443
0
ping to 192.168.1.9 OK
ping cycle 444
0
ping to 192.168.1.9 OK
ping cycle 445
0
ping to 192.168.1.9 OK
ping cycle 446
0
ping to 192.168.1.9 OK
ping cycle 447
0
ping to 192.168.1.9 OK
ping cycle 448
0
ping to 192.168.1.9 OK
ping cycle 449
0
ping to 192.168.1.9 OK
ping cycle 450
0
ping to 192.168.1.9 OK
ping cycle 451
0
ping to 192.168.1.9 OK
ping cycle 452
0
ping to 192.168.1.9 OK
ping cycle 453
0
ping to 192.168.1.9 OK
ping cycle 454
0
ping to 192.168.1.9 OK
ping cycle 455
0
ping to 192.168.1.9 OK
ping cycle 456
0
ping to 192.168.1.9 OK
ping cycle 457
0
ping to 192.168.1.9 OK
ping cycle 458
0
ping to 192.168.1.9 OK
ping cycle 459
0
ping to 192.168.1.9 OK
ping cycle 460
0
ping to 192.168.1.9 OK
ping cycle 461
0
ping to 192.168.1.9 OK
ping cycle 462
0
ping to 192.168.1.9 OK
ping cycle 463
0
ping to 192.168.1.9 OK
ping cycle 464
0
ping to 192.168.1.9 OK
ping cycle 465
0
ping to 192.168.1.9 OK
ping cycle 466
0
ping to 192.168.1.9 OK
ping cycle 467
0
ping to 192.168.1.9 OK
ping cycle 468
0
ping to 192.168.1.9 OK
ping cycle 469
0
ping to 192.168.1.9 OK
ping cycle 470
0
ping to 192.168.1.9 OK
ping cycle 471
0
ping to 192.168.1.9 OK
ping cycle 472
0
ping to 192.168.1.9 OK
ping cycle 473
0
ping to 192.168.1.9 OK
ping cycle 474
0
ping to 192.168.1.9 OK
ping cycle 475
0
ping to 192.168.1.9 OK
ping cycle 476
0
ping to 192.168.1.9 OK
ping cycle 477
0
ping to 192.168.1.9 OK
ping cycle 478
0
ping to 192.168.1.9 OK
ping cycle 479
0
ping to 192.168.1.9 OK
ping cycle 480
0
ping to 192.168.1.9 OK
ping cycle 481
0
ping to 192.168.1.9 OK
ping cycle 482
0
ping to 192.168.1.9 OK
ping cycle 483
0
ping to 192.168.1.9 OK
ping cycle 484
0
ping to 192.168.1.9 OK
ping cycle 485
0
ping to 192.168.1.9 OK
ping cycle 486
0
ping to 192.168.1.9 OK
ping cycle 487
0
ping to 192.168.1.9 OK
ping cycle 488
0
ping to 192.168.1.9 OK
ping cycle 489
0
ping to 192.168.1.9 OK
ping cycle 490
0
ping to 192.168.1.9 OK
ping cycle 491
0
ping to 192.168.1.9 OK
ping cycle 492
0
ping to 192.168.1.9 OK
ping cycle 493
0
ping to 192.168.1.9 OK
ping cycle 494
0
ping to 192.168.1.9 OK
ping cycle 495
0
ping to 192.168.1.9 OK
ping cycle 496
0
ping to 192.168.1.9 OK
ping cycle 497
0
ping to 192.168.1.9 OK
ping cycle 498
0
ping to 192.168.1.9 OK
ping cycle 499
]]></system-out></testcase></testsuite>